[debug] [2024-10-18T20:36:00.806Z] ----------------------------------------------------------------------
[debug] [2024-10-18T20:36:00.809Z] Command:       C:\Program Files\nodejs\node.exe C:\Users\Tiago\AppData\Roaming\npm\node_modules\firebase-tools\lib\bin\firebase.js init
[debug] [2024-10-18T20:36:00.809Z] CLI Version:   13.22.1
[debug] [2024-10-18T20:36:00.809Z] Platform:      win32
[debug] [2024-10-18T20:36:00.809Z] Node Version:  v20.18.0
[debug] [2024-10-18T20:36:00.809Z] Time:          Fri Oct 18 2024 17:36:00 GMT-0300 (Hora padrão de Brasília)
[debug] [2024-10-18T20:36:00.810Z] ----------------------------------------------------------------------
[debug] 
[debug] [2024-10-18T20:36:00.816Z] > command requires scopes: ["email","openid","https://www.googleapis.com/auth/cloudplatformprojects.readonly","https://www.googleapis.com/auth/firebase","https://www.googleapis.com/auth/cloud-platform"]
[debug] [2024-10-18T20:36:00.816Z] > authorizing via signed-in user (ttstanis4@gmail.com)
[info] 
     ######## #### ########  ######## ########     ###     ######  ########
     ##        ##  ##     ## ##       ##     ##  ##   ##  ##       ##
     ######    ##  ########  ######   ########  #########  ######  ######
     ##        ##  ##    ##  ##       ##     ## ##     ##       ## ##
     ##       #### ##     ## ######## ########  ##     ##  ######  ########

You're about to initialize a Firebase project in this directory:

  C:\Users\Tiago\Documents\Projeto Simples

[info] 
=== Project Setup
[info] 
[info] First, let's associate this project directory with a Firebase project.
[info] You can create multiple project aliases by running firebase use --add, 
[info] but for now we'll just set up a default project.
[info] 
[debug] [2024-10-18T20:37:54.828Z] Checked if tokens are valid: true, expires at: 1729287342894
[debug] [2024-10-18T20:37:54.829Z] Checked if tokens are valid: true, expires at: 1729287342894
[debug] [2024-10-18T20:37:54.830Z] >>> [apiv2][query] GET https://firebase.googleapis.com/v1beta1/projects pageSize=100
[debug] [2024-10-18T20:37:55.697Z] <<< [apiv2][status] GET https://firebase.googleapis.com/v1beta1/projects 200
[debug] [2024-10-18T20:37:55.697Z] <<< [apiv2][body] GET https://firebase.googleapis.com/v1beta1/projects [omitted]
[info] i  Using project devportifolio-ff745 (devportifolio) 
[info] 
=== Hosting Setup
[debug] [2024-10-18T20:38:01.529Z] Checked if tokens are valid: true, expires at: 1729287342894
[debug] [2024-10-18T20:38:01.529Z] Checked if tokens are valid: true, expires at: 1729287342894
[debug] [2024-10-18T20:38:01.529Z] >>> [apiv2][query] GET https://firebase.googleapis.com/v1beta1/projects/devportifolio-ff745 [none]
[debug] [2024-10-18T20:38:01.955Z] <<< [apiv2][status] GET https://firebase.googleapis.com/v1beta1/projects/devportifolio-ff745 200
[debug] [2024-10-18T20:38:01.955Z] <<< [apiv2][body] GET https://firebase.googleapis.com/v1beta1/projects/devportifolio-ff745 {"projectId":"devportifolio-ff745","projectNumber":"935025773642","displayName":"devportifolio","name":"projects/devportifolio-ff745","resources":{"hostingSite":"devportifolio-ff745"},"state":"ACTIVE","etag":"1_ee707de0-e494-47ce-89b1-b055ca6b3da5"}
[info] 
[info] Your public directory is the folder (relative to your project directory) that
[info] will contain Hosting assets to be uploaded with firebase deploy. If you
[info] have a build process for your assets, use your build's output directory.
[info] 
[debug] [2024-10-18T20:39:20.377Z] >>> [apiv2][query] GET https://www.gstatic.com/firebasejs/releases.json [none]
[debug] [2024-10-18T20:39:20.724Z] <<< [apiv2][status] GET https://www.gstatic.com/firebasejs/releases.json 200
[debug] [2024-10-18T20:39:20.724Z] <<< [apiv2][body] GET https://www.gstatic.com/firebasejs/releases.json {"current":{"version":"10.14.1","browserURL":"https://www.gstatic.com/firebasejs/10.14.1/firebase.js","packageURL":"https://www.gstatic.com/firebasejs/10.14.1/firebase.tgz"},"live":{"version":"10.14","browserURL":"https://www.gstatic.com/firebasejs/live/10.14/firebase.js","packageURL":"https://www.gstatic.com/firebasejs/live/10.14/firebase.tgz"},"components":{"analytics":"https://www.gstatic.com/firebasejs/10.14.1/firebase-analytics.js","app":"https://www.gstatic.com/firebasejs/10.14.1/firebase-app.js","app-check":"https://www.gstatic.com/firebasejs/10.14.1/firebase-app-check.js","auth":"https://www.gstatic.com/firebasejs/10.14.1/firebase-auth.js","auth/cordova":"https://www.gstatic.com/firebasejs/10.14.1/firebase-auth/cordova.js","auth/web-extension":"https://www.gstatic.com/firebasejs/10.14.1/firebase-auth/web-extension.js","functions":"https://www.gstatic.com/firebasejs/10.14.1/firebase-functions.js","firestore":"https://www.gstatic.com/firebasejs/10.14.1/firebase-firestore.js","firestore/lite":"https://www.gstatic.com/firebasejs/10.14.1/firebase-firestore/lite.js","installations":"https://www.gstatic.com/firebasejs/10.14.1/firebase-installations.js","storage":"https://www.gstatic.com/firebasejs/10.14.1/firebase-storage.js","performance":"https://www.gstatic.com/firebasejs/10.14.1/firebase-performance.js","remote-config":"https://www.gstatic.com/firebasejs/10.14.1/firebase-remote-config.js","messaging":"https://www.gstatic.com/firebasejs/10.14.1/firebase-messaging.js","messaging/sw":"https://www.gstatic.com/firebasejs/10.14.1/firebase-messaging/sw.js","database":"https://www.gstatic.com/firebasejs/10.14.1/firebase-database.js","data-connect":"https://www.gstatic.com/firebasejs/10.14.1/firebase-data-connect.js","vertexai-preview":"https://www.gstatic.com/firebasejs/10.14.1/firebase-vertexai-preview.js","firestore.memory":"https://www.gstatic.com/firebasejs/10.14.1/firebase-firestore.memory.js"}}
[debug] [2024-10-18T20:39:20.958Z] Error: Path contains invalid characters: C:\Users\Tiago\Documents\Projeto Simples\"C:\Users\Tiago\Documents\Projeto Simples\login.html"
    at checkPath (C:\Users\Tiago\AppData\Roaming\npm\node_modules\firebase-tools\node_modules\fs-extra\lib\mkdirs\utils.js:16:21)
    at module.exports.makeDirSync (C:\Users\Tiago\AppData\Roaming\npm\node_modules\firebase-tools\node_modules\fs-extra\lib\mkdirs\make-dir.js:21:3)
    at Object.createFileSync (C:\Users\Tiago\AppData\Roaming\npm\node_modules\firebase-tools\node_modules\fs-extra\lib\ensure\file.js:59:45)
    at Config.writeProjectFile (C:\Users\Tiago\AppData\Roaming\npm\node_modules\firebase-tools\lib\config.js:159:12)
    at C:\Users\Tiago\AppData\Roaming\npm\node_modules\firebase-tools\lib\config.js:193:22
    at process.processTicksAndRejections (node:internal/process/task_queues:95:5)
    at async doSetup (C:\Users\Tiago\AppData\Roaming\npm\node_modules\firebase-tools\lib\init\features\hosting\index.js:177:9)
    at async init (C:\Users\Tiago\AppData\Roaming\npm\node_modules\firebase-tools\lib\init\index.js:41:9)
[error] 
[error] Error: An unexpected error has occurred.
